<?xml version="1.0" encoding="UTF-8"?>
<!-- Generated by org.testng.reporters.JUnitReportReporter -->
<testsuite hostname="LAPTOP-QSVDD5MN" failures="0" tests="1" name="Module1_searchbar.SearchBarTest" time="0.738" errors="0" timestamp="2023-02-07T01:02:45 IST" skipped="0">
  <testcase classname="Module1_searchbar.SearchBarTest" name="searchbar" time="0.738"/>
  <system-out/>
</testsuite> <!-- Module1_searchbar.SearchBarTest -->
